{"C:\\Users\\AlexW\\Projects\\Web\\JS\\node\\ts-jest-tdd-project\\src\\lib\\calc.ts": {"path":"C:\\Users\\AlexW\\Projects\\Web\\JS\\node\\ts-jest-tdd-project\\src\\lib\\calc.ts","statementMap":{"0":{"start":{"line":5,"column":4},"end":{"line":5,"column":null}},"1":{"start":{"line":6,"column":4},"end":{"line":6,"column":null}},"2":{"start":{"line":7,"column":4},"end":{"line":7,"column":null}},"3":{"start":{"line":8,"column":4},"end":{"line":8,"column":null}},"4":{"start":{"line":10,"column":8},"end":{"line":10,"column":47}},"5":{"start":{"line":10,"column":41},"end":{"line":10,"column":46}},"6":{"start":{"line":11,"column":8},"end":{"line":11,"column":50}},"7":{"start":{"line":11,"column":44},"end":{"line":11,"column":49}},"8":{"start":{"line":12,"column":8},"end":{"line":12,"column":50}},"9":{"start":{"line":12,"column":44},"end":{"line":12,"column":49}},"10":{"start":{"line":13,"column":8},"end":{"line":13,"column":48}},"11":{"start":{"line":13,"column":42},"end":{"line":13,"column":47}},"12":{"start":{"line":17,"column":0},"end":{"line":17,"column":26}}},"fnMap":{"0":{"name":"(anonymous_0)","decl":{"start":{"line":9,"column":4},"end":{"line":9,"column":null}},"loc":{"start":{"line":9,"column":4},"end":{"line":14,"column":2}}},"1":{"name":"(anonymous_1)","decl":{"start":{"line":10,"column":19},"end":{"line":10,"column":20}},"loc":{"start":{"line":10,"column":41},"end":{"line":10,"column":46}}},"2":{"name":"(anonymous_2)","decl":{"start":{"line":11,"column":24},"end":{"line":11,"column":25}},"loc":{"start":{"line":11,"column":44},"end":{"line":11,"column":49}}},"3":{"name":"(anonymous_3)","decl":{"start":{"line":12,"column":24},"end":{"line":12,"column":25}},"loc":{"start":{"line":12,"column":44},"end":{"line":12,"column":49}}},"4":{"name":"(anonymous_4)","decl":{"start":{"line":13,"column":22},"end":{"line":13,"column":23}},"loc":{"start":{"line":13,"column":42},"end":{"line":13,"column":47}}}},"branchMap":{},"s":{"0":1,"1":1,"2":1,"3":1,"4":1,"5":1,"6":1,"7":1,"8":1,"9":1,"10":1,"11":1,"12":1},"f":{"0":1,"1":1,"2":1,"3":1,"4":1},"b":{}}
}
